2025-06-01 18:48:51,061 - INFO - 🎯 日志系统启动
2025-06-01 18:48:51,061 - INFO - 🚀 启动生产计划处理流程
2025-06-01 18:48:51,061 - INFO - 📥 正在读取 Excel：test_data.xlsx
2025-06-01 18:49:24,082 - INFO - 🎯 日志系统启动
2025-06-01 18:49:24,082 - INFO - 🚀 启动生产计划处理流程
2025-06-01 18:49:24,082 - INFO - 📥 正在读取 Excel：test_data.xlsx
2025-06-01 18:50:08,413 - INFO - ✅ 成功保存为 CSV：preview_first_sheet.csv
2025-06-01 18:50:08,413 - INFO - 📊 正在排序 CSV：preview_first_sheet.csv
2025-06-01 18:50:08,474 - INFO - ✅ 排序并去重完成，输出文件：sorted_preview.csv
2025-06-01 18:50:08,474 - INFO - ✅ 所有处理完成
2025-06-01 18:50:39,844 - INFO - 🎯 日志系统启动
2025-06-01 18:50:39,845 - INFO - 🚀 启动生产计划处理流程
2025-06-01 18:50:39,845 - INFO - 📥 正在读取 Excel：test_data.xlsx
2025-06-01 18:51:25,284 - INFO - ✅ 成功保存为 CSV：preview_first_sheet.csv
2025-06-01 18:51:25,284 - INFO - 📊 正在排序 CSV：preview_first_sheet.csv
2025-06-01 18:51:25,324 - INFO - ✅ 排序并去重完成，输出文件：sorted_preview.csv
2025-06-01 18:51:25,324 - INFO - ✅ 所有处理完成
2025-06-01 18:53:20,741 - INFO - 🎯 日志系统启动
2025-06-01 18:53:20,741 - INFO - 🚀 启动生产计划处理流程
2025-06-01 18:54:03,725 - INFO - 📥 Excel 有更新，重新读取并转换：test_data.xlsx
2025-06-01 18:54:49,871 - INFO - ✅ 转换成功，保存为：preview_first_sheet.csv
2025-06-01 18:54:49,871 - INFO - 📊 正在排序 CSV：preview_first_sheet.csv
2025-06-01 18:54:49,916 - INFO - ✅ 排序并去重完成，输出文件：sorted_preview.csv
2025-06-01 18:54:49,916 - INFO - ✅ 所有处理完成
2025-06-01 18:55:15,635 - INFO - 🎯 日志系统启动
2025-06-01 18:55:15,635 - INFO - 🚀 启动生产计划处理流程
2025-06-01 18:56:00,254 - INFO - 🟡 文件未变化，跳过转换步骤
2025-06-01 18:56:00,254 - INFO - 📊 正在排序 CSV：preview_first_sheet.csv
2025-06-01 18:56:00,279 - INFO - ✅ 排序并去重完成，输出文件：sorted_preview.csv
2025-06-01 18:56:00,279 - INFO - ✅ 所有处理完成
2025-06-01 18:56:43,821 - INFO - 🎯 日志系统启动
2025-06-01 18:56:43,821 - INFO - 🚀 启动生产计划处理流程
2025-06-01 18:56:43,821 - INFO - 📊 正在排序 CSV：preview_first_sheet.csv
2025-06-01 18:56:43,845 - INFO - ✅ 排序并去重完成，输出文件：sorted_preview.csv
2025-06-01 18:56:43,845 - INFO - ✅ 所有处理完成
2025-06-01 20:24:23,078 - INFO - 🎯 日志系统启动
2025-06-01 20:24:23,078 - INFO - 🚀 启动生产计划处理流程
2025-06-01 20:24:23,079 - INFO - 📊 正在排序 CSV：preview_first_sheet.csv
2025-06-01 20:24:23,103 - INFO - ✅ 排序并去重完成，输出文件：sorted_preview.csv
2025-06-01 20:24:23,103 - INFO - 📥 开始读取原始排序数据
2025-06-01 20:24:23,129 - INFO - 📦 加载 ProductID 映射表
2025-06-01 20:24:23,131 - INFO - 🔗 加载 ProductParentID 映射表
2025-06-01 20:24:23,139 - ERROR - ❌ enrich_with_parent 处理失败：You are trying to merge on int64 and object columns for key '物料编码'. If you wish to proceed you should use pd.concat
2025-06-01 20:26:30,987 - INFO - 🎯 日志系统启动
2025-06-01 20:26:30,987 - INFO - 🚀 启动生产计划处理流程
2025-06-01 20:26:30,987 - INFO - 📊 正在排序 CSV：preview_first_sheet.csv
2025-06-01 20:26:31,015 - INFO - ✅ 排序并去重完成，输出文件：sorted_preview.csv
2025-06-01 20:26:31,016 - INFO - 📥 开始读取原始排序数据
2025-06-01 20:26:31,043 - INFO - 📦 加载 ProductID 映射表
2025-06-01 20:26:31,046 - INFO - 🔗 加载 ProductParentID 映射表
2025-06-01 20:26:31,048 - INFO - 🔁 将物料编码、ID、Code 字段统一为字符串
2025-06-01 20:26:31,066 - INFO - 🔁 将 code 和 product_code 字段统一为字符串
2025-06-01 20:26:31,075 - INFO - 📊 未匹配 parent_product_code 的物料编码有 226 条，占比 20.09%
2025-06-01 20:26:31,075 - INFO - ✅ 父产品编码合并完成，开始输出 Excel
2025-06-01 20:26:31,075 - ERROR - ❌ enrich_with_parent 处理失败：NDFrame.to_excel() got an unexpected keyword argument 'encoding'
2025-06-01 20:27:59,082 - INFO - 🎯 日志系统启动
2025-06-01 20:27:59,082 - INFO - 🚀 启动生产计划处理流程
2025-06-01 20:27:59,083 - INFO - 📊 正在排序 CSV：preview_first_sheet.csv
2025-06-01 20:27:59,108 - INFO - ✅ 排序并去重完成，输出文件：sorted_preview.csv
2025-06-01 20:27:59,108 - INFO - 📥 开始读取原始排序数据
2025-06-01 20:27:59,131 - INFO - 📦 加载 ProductID 映射表
2025-06-01 20:27:59,133 - INFO - 🔗 加载 ProductParentID 映射表
2025-06-01 20:27:59,135 - INFO - 🔁 将物料编码、ID、Code 字段统一为字符串
2025-06-01 20:27:59,138 - INFO - 🔁 将 code 和 product_code 字段统一为字符串
2025-06-01 20:27:59,145 - INFO - 📊 未匹配 parent_product_code 的物料编码有 226 条，占比 20.09%
2025-06-01 20:27:59,145 - INFO - ✅ 父产品编码合并完成，开始输出 Excel
2025-06-01 20:27:59,150 - ERROR - ❌ enrich_with_parent 处理失败：No engine for filetype: 'csv'
2025-06-01 20:28:41,642 - INFO - 🎯 日志系统启动
2025-06-01 20:28:41,643 - INFO - 🚀 启动生产计划处理流程
2025-06-01 20:28:41,643 - INFO - 📊 正在排序 CSV：preview_first_sheet.csv
2025-06-01 20:28:41,669 - INFO - ✅ 排序并去重完成，输出文件：sorted_preview.csv
2025-06-01 20:28:41,669 - INFO - 📥 开始读取原始排序数据
2025-06-01 20:28:41,720 - INFO - 📦 加载 ProductID 映射表
2025-06-01 20:28:41,722 - INFO - 🔗 加载 ProductParentID 映射表
2025-06-01 20:28:41,724 - INFO - 🔁 将物料编码、ID、Code 字段统一为字符串
2025-06-01 20:28:41,727 - INFO - 🔁 将 code 和 product_code 字段统一为字符串
2025-06-01 20:28:41,731 - INFO - 📊 未匹配 parent_product_code 的物料编码有 226 条，占比 20.09%
2025-06-01 20:28:41,731 - INFO - ✅ 父产品编码合并完成，开始输出 Excel
2025-06-01 20:28:42,670 - INFO - 📤 输出成功：final_excel.xlsx
2025-06-01 20:28:42,670 - INFO - ✅ 所有处理完成
2025-06-01 22:08:03,927 - INFO - 🎯 日志系统启动
2025-06-01 22:08:03,927 - INFO - step1：转换csv
2025-06-01 22:08:03,927 - INFO - step2：按最早要货时间排序
2025-06-01 22:08:03,927 - INFO - 📊 正在排序 CSV：preview_first_sheet.csv
2025-06-01 22:08:03,968 - INFO - ✅ 排序并去重完成，输出文件：sorted_preview.csv
2025-06-01 22:08:03,969 - INFO - step3：依据BOM图找出父子节点
2025-06-01 22:08:03,969 - INFO - 📥 开始读取原始排序数据
2025-06-01 22:08:04,004 - INFO - 📦 加载 ProductID 映射表
2025-06-01 22:08:04,006 - INFO - 🔗 加载 ProductParentID 映射表
2025-06-01 22:08:04,009 - INFO - 🔁 将物料编码、ID、Code 字段统一为字符串
2025-06-01 22:08:04,017 - INFO - 🔁 将 code 和 product_code 字段统一为字符串
2025-06-01 22:08:04,025 - INFO - 📊 未匹配 parent_product_code 的物料编码有 226 条，占比 20.09%
2025-06-01 22:08:04,025 - INFO - ✅ 父产品编码合并完成，开始输出 Excel
2025-06-01 22:08:04,272 - ERROR - ❌ enrich_with_parent 处理失败：[Errno 13] Permission denied: 'final_excel.xlsx'
2025-06-01 22:08:25,895 - INFO - 🎯 日志系统启动
2025-06-01 22:08:25,895 - INFO - step1：转换csv
2025-06-01 22:08:25,895 - INFO - step2：按最早要货时间排序
2025-06-01 22:08:25,895 - INFO - 📊 正在排序 CSV：preview_first_sheet.csv
2025-06-01 22:08:25,930 - INFO - ✅ 排序并去重完成，输出文件：sorted_preview.csv
2025-06-01 22:08:25,931 - INFO - step3：依据BOM图找出父子节点
2025-06-01 22:08:25,931 - INFO - 📥 开始读取原始排序数据
2025-06-01 22:08:25,964 - INFO - 📦 加载 ProductID 映射表
2025-06-01 22:08:25,968 - INFO - 🔗 加载 ProductParentID 映射表
2025-06-01 22:08:25,971 - INFO - 🔁 将物料编码、ID、Code 字段统一为字符串
2025-06-01 22:08:25,976 - INFO - 🔁 将 code 和 product_code 字段统一为字符串
2025-06-01 22:08:25,982 - INFO - 📊 未匹配 parent_product_code 的物料编码有 226 条，占比 20.09%
2025-06-01 22:08:25,982 - INFO - ✅ 父产品编码合并完成，开始输出 Excel
2025-06-01 22:08:27,063 - INFO - 📤 输出成功：final_excel.xlsx
2025-06-01 22:08:27,063 - INFO - step4：找出能够满足订单的最大通路，然后进行生产
2025-06-01 22:08:28,635 - INFO - 📤 已生成带批次信息的订单文件：{output_excel_path}
2025-06-01 22:08:28,635 - INFO - 📄 已生成批次调度汇总表：batch_summary.xlsx
2025-06-01 22:08:28,636 - INFO - ✅ 所有处理完成
2025-06-01 22:09:23,243 - INFO - 🎯 日志系统启动
2025-06-01 22:09:23,244 - INFO - step1：转换csv
2025-06-01 22:09:23,244 - INFO - step2：按最早要货时间排序
2025-06-01 22:09:23,244 - INFO - 📊 正在排序 CSV：preview_first_sheet.csv
2025-06-01 22:09:23,272 - INFO - ✅ 排序并去重完成，输出文件：sorted_preview.csv
2025-06-01 22:09:23,272 - INFO - step3：依据BOM图找出父子节点
2025-06-01 22:09:23,272 - INFO - 📥 开始读取原始排序数据
2025-06-01 22:09:23,302 - INFO - 📦 加载 ProductID 映射表
2025-06-01 22:09:23,304 - INFO - 🔗 加载 ProductParentID 映射表
2025-06-01 22:09:23,305 - INFO - 🔁 将物料编码、ID、Code 字段统一为字符串
2025-06-01 22:09:23,309 - INFO - 🔁 将 code 和 product_code 字段统一为字符串
2025-06-01 22:09:23,315 - INFO - 📊 未匹配 parent_product_code 的物料编码有 226 条，占比 20.09%
2025-06-01 22:09:23,315 - INFO - ✅ 父产品编码合并完成，开始输出 Excel
2025-06-01 22:09:24,282 - INFO - 📤 输出成功：final_excel.xlsx
2025-06-01 22:09:24,282 - INFO - step4：找出能够满足订单的最大通路，然后进行生产
2025-06-01 22:09:25,700 - INFO - 📤 已生成带批次信息的订单文件：scheduled_orders.xlsx
2025-06-01 22:09:25,700 - INFO - 📄 已生成批次调度汇总表：batch_summary.xlsx
2025-06-01 22:09:25,701 - INFO - ✅ 所有处理完成
2025-06-01 22:18:54,932 - INFO - 🎯 日志系统启动
2025-06-01 22:18:54,932 - INFO - step1：转换csv
2025-06-01 22:18:54,932 - INFO - step2：按最早要货时间排序
2025-06-01 22:18:54,933 - INFO - 📊 正在排序 CSV：preview_first_sheet.csv
2025-06-01 22:18:54,956 - INFO - ✅ 排序并去重完成，输出文件：sorted_preview.csv
2025-06-01 22:18:54,957 - INFO - step3：依据BOM图找出父子节点
2025-06-01 22:18:54,957 - INFO - 📥 开始读取原始排序数据
2025-06-01 22:18:54,978 - INFO - 📦 加载 ProductID 映射表
2025-06-01 22:18:54,981 - INFO - 🔗 加载 ProductParentID 映射表
2025-06-01 22:18:54,982 - INFO - 🔁 将物料编码、ID、Code 字段统一为字符串
2025-06-01 22:18:54,985 - INFO - 🔁 将 code 和 product_code 字段统一为字符串
2025-06-01 22:18:54,990 - INFO - 📊 未匹配 parent_product_code 的物料编码有 226 条，占比 20.09%
2025-06-01 22:18:54,990 - INFO - ✅ 父产品编码合并完成，开始输出 Excel
2025-06-01 22:18:55,920 - INFO - 📤 输出成功：final_excel.xlsx
2025-06-01 22:18:55,920 - INFO - step4：找出能够满足订单的最大通路，然后进行生产
2025-06-01 22:20:03,083 - INFO - 🎯 日志系统启动
2025-06-01 22:20:03,084 - INFO - step1：转换csv
2025-06-01 22:20:03,084 - INFO - step2：按最早要货时间排序
2025-06-01 22:20:03,084 - INFO - 📊 正在排序 CSV：preview_first_sheet.csv
2025-06-01 22:20:03,110 - INFO - ✅ 排序并去重完成，输出文件：sorted_preview.csv
2025-06-01 22:20:03,110 - INFO - step3：依据BOM图找出父子节点
2025-06-01 22:20:03,110 - INFO - 📥 开始读取原始排序数据
2025-06-01 22:20:03,136 - INFO - 📦 加载 ProductID 映射表
2025-06-01 22:20:03,138 - INFO - 🔗 加载 ProductParentID 映射表
2025-06-01 22:20:03,139 - INFO - 🔁 将物料编码、ID、Code 字段统一为字符串
2025-06-01 22:20:03,142 - INFO - 🔁 将 code 和 product_code 字段统一为字符串
2025-06-01 22:20:03,147 - INFO - 📊 未匹配 parent_product_code 的物料编码有 226 条，占比 20.09%
2025-06-01 22:20:03,147 - INFO - ✅ 父产品编码合并完成，开始输出 Excel
2025-06-01 22:20:04,100 - INFO - 📤 输出成功：final_excel.xlsx
2025-06-01 22:20:04,101 - INFO - step4：找出能够满足订单的最大通路，然后进行生产
2025-06-01 22:21:00,315 - INFO - 🎯 日志系统启动
2025-06-01 22:21:00,315 - INFO - step1：转换csv
2025-06-01 22:21:00,315 - INFO - step2：按最早要货时间排序
2025-06-01 22:21:00,315 - INFO - 📊 正在排序 CSV：preview_first_sheet.csv
2025-06-01 22:21:00,342 - INFO - ✅ 排序并去重完成，输出文件：sorted_preview.csv
2025-06-01 22:21:00,342 - INFO - step3：依据BOM图找出父子节点
2025-06-01 22:21:00,342 - INFO - 📥 开始读取原始排序数据
2025-06-01 22:21:00,373 - INFO - 📦 加载 ProductID 映射表
2025-06-01 22:21:00,375 - INFO - 🔗 加载 ProductParentID 映射表
2025-06-01 22:21:00,378 - INFO - 🔁 将物料编码、ID、Code 字段统一为字符串
2025-06-01 22:21:00,381 - INFO - 🔁 将 code 和 product_code 字段统一为字符串
2025-06-01 22:21:00,387 - INFO - 📊 未匹配 parent_product_code 的物料编码有 226 条，占比 20.09%
2025-06-01 22:21:00,387 - INFO - ✅ 父产品编码合并完成，开始输出 Excel
2025-06-01 22:21:01,292 - INFO - 📤 输出成功：final_excel.xlsx
2025-06-01 22:21:01,292 - INFO - step4：找出能够满足订单的最大通路，然后进行生产
2025-06-01 22:21:01,292 - INFO - 📥 正在读取订单数据...
2025-06-01 22:21:02,385 - ERROR - ❌ 调度过程中出错：DataFrame.sort_values() missing 1 required positional argument: 'by'
2025-06-01 22:21:56,481 - INFO - 🎯 日志系统启动
2025-06-01 22:21:56,481 - INFO - step1：转换csv
2025-06-01 22:21:56,481 - INFO - step2：按最早要货时间排序
2025-06-01 22:21:56,481 - INFO - 📊 正在排序 CSV：preview_first_sheet.csv
2025-06-01 22:21:56,505 - INFO - ✅ 排序并去重完成，输出文件：sorted_preview.csv
2025-06-01 22:21:56,505 - INFO - step3：依据BOM图找出父子节点
2025-06-01 22:21:56,505 - INFO - 📥 开始读取原始排序数据
2025-06-01 22:21:56,540 - INFO - 📦 加载 ProductID 映射表
2025-06-01 22:21:56,543 - INFO - 🔗 加载 ProductParentID 映射表
2025-06-01 22:21:56,546 - INFO - 🔁 将物料编码、ID、Code 字段统一为字符串
2025-06-01 22:21:56,551 - INFO - 🔁 将 code 和 product_code 字段统一为字符串
2025-06-01 22:21:56,556 - INFO - 📊 未匹配 parent_product_code 的物料编码有 226 条，占比 20.09%
2025-06-01 22:21:56,556 - INFO - ✅ 父产品编码合并完成，开始输出 Excel
2025-06-01 22:21:57,636 - INFO - 📤 输出成功：final_excel.xlsx
2025-06-01 22:21:57,636 - INFO - step4：找出能够满足订单的最大通路，然后进行生产
2025-06-01 22:21:57,636 - INFO - 📥 正在读取订单数据...
2025-06-01 22:21:58,186 - ERROR - ❌ 调度过程中出错：Series.sort_values() got an unexpected keyword argument 'by'
2025-06-01 22:22:36,423 - INFO - 🎯 日志系统启动
2025-06-01 22:22:36,423 - INFO - step1：转换csv
2025-06-01 22:22:36,423 - INFO - step2：按最早要货时间排序
2025-06-01 22:22:36,423 - INFO - 📊 正在排序 CSV：preview_first_sheet.csv
2025-06-01 22:22:36,446 - INFO - ✅ 排序并去重完成，输出文件：sorted_preview.csv
2025-06-01 22:22:36,446 - INFO - step3：依据BOM图找出父子节点
2025-06-01 22:22:36,446 - INFO - 📥 开始读取原始排序数据
2025-06-01 22:22:36,470 - INFO - 📦 加载 ProductID 映射表
2025-06-01 22:22:36,473 - INFO - 🔗 加载 ProductParentID 映射表
2025-06-01 22:22:36,475 - INFO - 🔁 将物料编码、ID、Code 字段统一为字符串
2025-06-01 22:22:36,478 - INFO - 🔁 将 code 和 product_code 字段统一为字符串
2025-06-01 22:22:36,483 - INFO - 📊 未匹配 parent_product_code 的物料编码有 226 条，占比 20.09%
2025-06-01 22:22:36,483 - INFO - ✅ 父产品编码合并完成，开始输出 Excel
2025-06-01 22:22:37,400 - INFO - 📤 输出成功：final_excel.xlsx
2025-06-01 22:22:37,401 - INFO - step4：找出能够满足订单的最大通路，然后进行生产
2025-06-01 22:22:37,401 - INFO - 📥 正在读取订单数据...
2025-06-01 22:22:37,947 - ERROR - ❌ 调度过程中出错：The truth value of a Series is ambiguous. Use a.empty, a.bool(), a.item(), a.any() or a.all().
2025-06-01 22:25:36,882 - INFO - 🎯 日志系统启动
2025-06-01 22:25:36,882 - INFO - step1：转换csv
2025-06-01 22:25:36,882 - INFO - step2：按最早要货时间排序
2025-06-01 22:25:36,882 - INFO - 📊 正在排序 CSV：preview_first_sheet.csv
2025-06-01 22:25:36,908 - INFO - ✅ 排序并去重完成，输出文件：sorted_preview.csv
2025-06-01 22:25:36,908 - INFO - step3：依据BOM图找出父子节点
2025-06-01 22:25:36,908 - INFO - 📥 开始读取原始排序数据
2025-06-01 22:25:36,941 - INFO - 📦 加载 ProductID 映射表
2025-06-01 22:25:36,944 - INFO - 🔗 加载 ProductParentID 映射表
2025-06-01 22:25:36,946 - INFO - 🔁 将物料编码、ID、Code 字段统一为字符串
2025-06-01 22:25:36,949 - INFO - 🔁 将 code 和 product_code 字段统一为字符串
2025-06-01 22:25:36,955 - INFO - 📊 未匹配 parent_product_code 的物料编码有 226 条，占比 20.09%
2025-06-01 22:25:36,955 - INFO - ✅ 父产品编码合并完成，开始输出 Excel
2025-06-01 22:25:37,904 - INFO - 📤 输出成功：final_excel.xlsx
2025-06-01 22:25:37,904 - INFO - step4：找出能够满足订单的最大通路，然后进行生产
2025-06-01 22:25:37,904 - INFO - 📥 正在读取订单数据...
2025-06-01 22:25:39,019 - ERROR - ❌ 调度过程中出错：DataFrame.sort_values() missing 1 required positional argument: 'by'
2025-06-01 22:26:45,014 - INFO - 🎯 日志系统启动
2025-06-01 22:26:45,014 - INFO - step1：转换csv
2025-06-01 22:26:45,014 - INFO - step2：按最早要货时间排序
2025-06-01 22:26:45,014 - INFO - 📊 正在排序 CSV：preview_first_sheet.csv
2025-06-01 22:26:45,038 - INFO - ✅ 排序并去重完成，输出文件：sorted_preview.csv
2025-06-01 22:26:45,038 - INFO - step3：依据BOM图找出父子节点
2025-06-01 22:26:45,038 - INFO - 📥 开始读取原始排序数据
2025-06-01 22:26:45,074 - INFO - 📦 加载 ProductID 映射表
2025-06-01 22:26:45,078 - INFO - 🔗 加载 ProductParentID 映射表
2025-06-01 22:26:45,081 - INFO - 🔁 将物料编码、ID、Code 字段统一为字符串
2025-06-01 22:26:45,085 - INFO - 🔁 将 code 和 product_code 字段统一为字符串
2025-06-01 22:26:45,091 - INFO - 📊 未匹配 parent_product_code 的物料编码有 226 条，占比 20.09%
2025-06-01 22:26:45,091 - INFO - ✅ 父产品编码合并完成，开始输出 Excel
2025-06-01 22:26:46,092 - INFO - 📤 输出成功：final_excel.xlsx
2025-06-01 22:26:46,093 - INFO - step4：找出能够满足订单的最大通路，然后进行生产
2025-06-01 22:26:46,093 - INFO - 📥 正在读取订单数据...
2025-06-01 22:26:47,222 - ERROR - ❌ 调度过程中出错：[Errno 13] Permission denied: 'scheduled_orders.xlsx'
2025-06-01 22:27:02,653 - INFO - 🎯 日志系统启动
2025-06-01 22:27:02,653 - INFO - step1：转换csv
2025-06-01 22:27:02,653 - INFO - step2：按最早要货时间排序
2025-06-01 22:27:02,653 - INFO - 📊 正在排序 CSV：preview_first_sheet.csv
2025-06-01 22:27:02,680 - INFO - ✅ 排序并去重完成，输出文件：sorted_preview.csv
2025-06-01 22:27:02,680 - INFO - step3：依据BOM图找出父子节点
2025-06-01 22:27:02,680 - INFO - 📥 开始读取原始排序数据
2025-06-01 22:27:02,710 - INFO - 📦 加载 ProductID 映射表
2025-06-01 22:27:02,714 - INFO - 🔗 加载 ProductParentID 映射表
2025-06-01 22:27:02,716 - INFO - 🔁 将物料编码、ID、Code 字段统一为字符串
2025-06-01 22:27:02,719 - INFO - 🔁 将 code 和 product_code 字段统一为字符串
2025-06-01 22:27:02,725 - INFO - 📊 未匹配 parent_product_code 的物料编码有 226 条，占比 20.09%
2025-06-01 22:27:02,725 - INFO - ✅ 父产品编码合并完成，开始输出 Excel
2025-06-01 22:27:03,678 - INFO - 📤 输出成功：final_excel.xlsx
2025-06-01 22:27:03,678 - INFO - step4：找出能够满足订单的最大通路，然后进行生产
2025-06-01 22:27:03,678 - INFO - 📥 正在读取订单数据...
2025-06-01 22:27:05,561 - INFO - 📤 已生成订单文件：scheduled_orders.xlsx
2025-06-01 22:27:05,561 - INFO - 📄 已生成批次汇总：batch_summary.xlsx
2025-06-01 22:27:05,562 - INFO - ✅ 所有处理完成
2025-06-01 22:30:11,379 - INFO - 🎯 日志系统启动
2025-06-01 22:30:11,379 - INFO - step1：转换csv
2025-06-01 22:30:11,379 - INFO - step2：按最早要货时间排序
2025-06-01 22:30:11,379 - INFO - 📊 正在排序 CSV：preview_first_sheet.csv
2025-06-01 22:30:11,404 - INFO - ✅ 排序并去重完成，输出文件：sorted_preview.csv
2025-06-01 22:30:11,404 - INFO - step3：依据BOM图找出父子节点
2025-06-01 22:30:11,404 - INFO - 📥 开始读取原始排序数据
2025-06-01 22:30:11,428 - INFO - 📦 加载 ProductID 映射表
2025-06-01 22:30:11,431 - INFO - 🔗 加载 ProductParentID 映射表
2025-06-01 22:30:11,433 - INFO - 🔁 将物料编码、ID、Code 字段统一为字符串
2025-06-01 22:30:11,435 - INFO - 🔁 将 code 和 product_code 字段统一为字符串
2025-06-01 22:30:11,440 - INFO - 📊 未匹配 parent_product_code 的物料编码有 226 条，占比 20.09%
2025-06-01 22:30:11,441 - INFO - ✅ 父产品编码合并完成，开始输出 Excel
2025-06-01 22:30:12,419 - INFO - 📤 输出成功：final_excel.xlsx
2025-06-01 22:30:12,419 - INFO - step4：找出能够满足订单的最大通路，然后进行生产
2025-06-01 22:30:12,419 - INFO - 📥 正在读取订单数据...
2025-06-01 22:30:14,400 - INFO - 📤 已生成订单文件：scheduled_orders.xlsx
2025-06-01 22:30:14,400 - INFO - 📄 已生成批次汇总：batch_summary.xlsx
2025-06-01 22:30:14,401 - INFO - ✅ 所有处理完成
